[2020-10-16T22:24:34+08:00][sql] CONNECT:[ UseTime:0.140008s ] mysql:host=127.0.0.1;port=3306;dbname=chat;charset=utf8
[2020-10-16T22:24:34+08:00][sql] SHOW FULL COLUMNS FROM `c_service` [ RunTime:0.102006s ]
[2020-10-16T22:24:34+08:00][sql] SELECT * FROM `c_service` WHERE  `user_name` = '客服小白' LIMIT 1 [ RunTime:0.017001s ]
[2020-10-16T22:24:34+08:00][sql] UPDATE `c_service`  SET `last_login_time` = 1602858274 , `last_login_ip` = '::1' , `update_time` = 1602858274  WHERE  `id` = 1 [ RunTime:0.017001s ]
[2020-10-16T22:24:37+08:00][sql] CONNECT:[ UseTime:0.009001s ] mysql:host=127.0.0.1;port=3306;dbname=chat;charset=utf8
[2020-10-16T22:24:37+08:00][sql] SHOW FULL COLUMNS FROM `c_service` [ RunTime:0.018001s ]
[2020-10-16T22:24:37+08:00][sql] SELECT * FROM `c_service` WHERE  `id` = 1 LIMIT 1 [ RunTime:0.003000s ]
[2020-10-16T22:24:37+08:00][sql] SELECT * FROM `c_service` WHERE  `id` = 1 LIMIT 1 [ RunTime:0.004000s ]
[2020-10-16T22:24:37+08:00][sql] SHOW FULL COLUMNS FROM `c_user` [ RunTime:0.027001s ]
[2020-10-16T22:24:37+08:00][sql] SHOW FULL COLUMNS FROM `c_su_main` [ RunTime:0.038002s ]
[2020-10-16T22:24:37+08:00][sql] SELECT `c_user`.*,`pivot`.`id` AS `pivot__id`,`pivot`.`user_id` AS `pivot__user_id`,`pivot`.`service_id` AS `pivot__service_id`,`pivot`.`create_time` AS `pivot__create_time`,`user_name`,`c_user`.`id`,`online`,`user_avatar`,`m`.`content`,m.create_time as last_msg_time FROM `c_user` INNER JOIN `c_su_main` `pivot` ON `pivot`.`user_id`=`c_user`.`id` LEFT JOIN (select content,create_time,u_id,s_id from c_message where s_id = 1 order by create_time desc, id desc) m ON `pivot`.`id`=`m`.`u_id` WHERE  `pivot`.`service_id` = 1 GROUP BY `c_user`.`id` [ RunTime:0.066004s ]
[2020-10-16T22:24:37+08:00][sql] SHOW FULL COLUMNS FROM `c_auth_rule` [ RunTime:0.031002s ]
[2020-10-16T22:24:37+08:00][sql] SHOW FULL COLUMNS FROM `c_auth_group` [ RunTime:0.025002s ]
[2020-10-16T22:24:37+08:00][sql] SELECT * FROM `c_auth_rule` [ RunTime:0.005000s ]
[2020-10-16T22:24:37+08:00][sql] SELECT * FROM `c_auth_group` WHERE  `id` = 1 LIMIT 1 [ RunTime:0.008001s ]
[2020-10-16T22:24:37+08:00][sql] SELECT `rules` FROM `c_auth_group` LIMIT 1 [ RunTime:0.005000s ]
[2020-10-16T22:24:37+08:00][sql] SHOW FULL COLUMNS FROM `c_message` [ RunTime:0.024002s ]
[2020-10-16T22:24:37+08:00][sql] SELECT `content`,`create_time`,`msg_type`,`send_name`,`send_id`,`receive_id`,`s_id`,`u_id`,`avatar` FROM `c_message` WHERE  `u_id` = 1  AND `s_id` = 1 ORDER BY `create_time` DESC,`id` ASC LIMIT 10 [ RunTime:0.005000s ]
[2020-10-16T22:24:38+08:00][sql] CONNECT:[ UseTime:0.012000s ] mysql:host=127.0.0.1;port=3306;dbname=chat;charset=utf8
[2020-10-16T22:24:38+08:00][sql] SHOW FULL COLUMNS FROM `c_message` [ RunTime:0.026001s ]
[2020-10-16T22:24:38+08:00][sql] SELECT `content`,`create_time`,`msg_type`,`send_name`,`send_id`,`receive_id`,`s_id`,`u_id`,`avatar` FROM `c_message` WHERE  `u_id` = 1  AND `s_id` = 1 ORDER BY `create_time` DESC,`id` ASC LIMIT 10 [ RunTime:0.008001s ]
[2020-10-16T22:25:19+08:00][sql] CONNECT:[ UseTime:0.005000s ] mysql:host=127.0.0.1;port=3306;dbname=chat;charset=utf8
[2020-10-16T22:25:19+08:00][sql] SHOW FULL COLUMNS FROM `c_service` [ RunTime:0.015001s ]
[2020-10-16T22:25:19+08:00][sql] SELECT * FROM `c_service` WHERE  `id` = 1 LIMIT 1 [ RunTime:0.004000s ]
[2020-10-16T22:25:19+08:00][sql] SELECT * FROM `c_service` WHERE  `id` = 1 LIMIT 1 [ RunTime:0.002000s ]
[2020-10-16T22:25:19+08:00][sql] SHOW FULL COLUMNS FROM `c_user` [ RunTime:0.019001s ]
[2020-10-16T22:25:19+08:00][sql] SHOW FULL COLUMNS FROM `c_su_main` [ RunTime:0.018001s ]
[2020-10-16T22:25:19+08:00][sql] SELECT `c_user`.*,`pivot`.`id` AS `pivot__id`,`pivot`.`user_id` AS `pivot__user_id`,`pivot`.`service_id` AS `pivot__service_id`,`pivot`.`create_time` AS `pivot__create_time`,`user_name`,`c_user`.`id`,`online`,`user_avatar`,`m`.`content`,m.create_time as last_msg_time FROM `c_user` INNER JOIN `c_su_main` `pivot` ON `pivot`.`user_id`=`c_user`.`id` LEFT JOIN (select content,create_time,u_id,s_id from c_message where s_id = 1 order by create_time desc, id desc) m ON `pivot`.`id`=`m`.`u_id` WHERE  `pivot`.`service_id` = 1 GROUP BY `c_user`.`id` [ RunTime:0.004000s ]
[2020-10-16T22:25:19+08:00][sql] SHOW FULL COLUMNS FROM `c_auth_rule` [ RunTime:0.018001s ]
[2020-10-16T22:25:19+08:00][sql] SHOW FULL COLUMNS FROM `c_auth_group` [ RunTime:0.018001s ]
[2020-10-16T22:25:19+08:00][sql] SELECT * FROM `c_auth_rule` [ RunTime:0.005001s ]
[2020-10-16T22:25:19+08:00][sql] SELECT * FROM `c_auth_group` WHERE  `id` = 1 LIMIT 1 [ RunTime:0.002000s ]
[2020-10-16T22:25:19+08:00][sql] SELECT `rules` FROM `c_auth_group` LIMIT 1 [ RunTime:0.002000s ]
[2020-10-16T22:25:19+08:00][sql] SHOW FULL COLUMNS FROM `c_message` [ RunTime:0.019001s ]
[2020-10-16T22:25:19+08:00][sql] SELECT `content`,`create_time`,`msg_type`,`send_name`,`send_id`,`receive_id`,`s_id`,`u_id`,`avatar` FROM `c_message` WHERE  `u_id` = 1  AND `s_id` = 1 ORDER BY `create_time` DESC,`id` ASC LIMIT 10 [ RunTime:0.004001s ]
[2020-10-16T22:25:20+08:00][sql] CONNECT:[ UseTime:0.011000s ] mysql:host=127.0.0.1;port=3306;dbname=chat;charset=utf8
[2020-10-16T22:25:20+08:00][sql] SHOW FULL COLUMNS FROM `c_message` [ RunTime:0.032001s ]
[2020-10-16T22:25:20+08:00][sql] SELECT `content`,`create_time`,`msg_type`,`send_name`,`send_id`,`receive_id`,`s_id`,`u_id`,`avatar` FROM `c_message` WHERE  `u_id` = 1  AND `s_id` = 1 ORDER BY `create_time` DESC,`id` ASC LIMIT 10 [ RunTime:0.009001s ]
[2020-10-16T22:28:50+08:00][sql] CONNECT:[ UseTime:0.013000s ] mysql:host=127.0.0.1;port=3306;dbname=chat;charset=utf8
[2020-10-16T22:28:50+08:00][sql] SHOW FULL COLUMNS FROM `c_service` [ RunTime:0.019001s ]
[2020-10-16T22:28:50+08:00][sql] SELECT * FROM `c_service` WHERE  `id` = 1 LIMIT 1 [ RunTime:0.002000s ]
[2020-10-16T22:28:50+08:00][sql] SELECT * FROM `c_service` WHERE  `id` = 1 LIMIT 1 [ RunTime:0.002000s ]
[2020-10-16T22:28:50+08:00][sql] SHOW FULL COLUMNS FROM `c_user` [ RunTime:0.015000s ]
[2020-10-16T22:28:50+08:00][sql] SHOW FULL COLUMNS FROM `c_su_main` [ RunTime:0.016001s ]
[2020-10-16T22:28:50+08:00][sql] SELECT `c_user`.*,`pivot`.`id` AS `pivot__id`,`pivot`.`user_id` AS `pivot__user_id`,`pivot`.`service_id` AS `pivot__service_id`,`pivot`.`create_time` AS `pivot__create_time`,`user_name`,`c_user`.`id`,`online`,`user_avatar`,`m`.`content`,m.create_time as last_msg_time FROM `c_user` INNER JOIN `c_su_main` `pivot` ON `pivot`.`user_id`=`c_user`.`id` LEFT JOIN (select content,create_time,u_id,s_id from c_message where s_id = 1 order by create_time desc, id desc) m ON `pivot`.`id`=`m`.`u_id` WHERE  `pivot`.`service_id` = 1 GROUP BY `c_user`.`id` [ RunTime:0.005000s ]
[2020-10-16T22:28:50+08:00][sql] SHOW FULL COLUMNS FROM `c_auth_rule` [ RunTime:0.014001s ]
[2020-10-16T22:28:50+08:00][sql] SHOW FULL COLUMNS FROM `c_auth_group` [ RunTime:0.014001s ]
[2020-10-16T22:28:50+08:00][sql] SELECT * FROM `c_auth_rule` [ RunTime:0.003000s ]
[2020-10-16T22:28:50+08:00][sql] SELECT * FROM `c_auth_group` WHERE  `id` = 1 LIMIT 1 [ RunTime:0.002000s ]
[2020-10-16T22:28:50+08:00][sql] SELECT `rules` FROM `c_auth_group` LIMIT 1 [ RunTime:0.002001s ]
[2020-10-16T22:28:50+08:00][sql] SHOW FULL COLUMNS FROM `c_message` [ RunTime:0.014001s ]
[2020-10-16T22:28:50+08:00][sql] SELECT `content`,`create_time`,`msg_type`,`send_name`,`send_id`,`receive_id`,`s_id`,`u_id`,`avatar` FROM `c_message` WHERE  `u_id` = 1  AND `s_id` = 1 ORDER BY `create_time` DESC,`id` ASC LIMIT 10 [ RunTime:0.003000s ]
[2020-10-16T22:28:51+08:00][sql] CONNECT:[ UseTime:0.006001s ] mysql:host=127.0.0.1;port=3306;dbname=chat;charset=utf8
[2020-10-16T22:28:51+08:00][sql] SHOW FULL COLUMNS FROM `c_message` [ RunTime:0.022001s ]
[2020-10-16T22:28:51+08:00][sql] SELECT `content`,`create_time`,`msg_type`,`send_name`,`send_id`,`receive_id`,`s_id`,`u_id`,`avatar` FROM `c_message` WHERE  `u_id` = 1  AND `s_id` = 1 ORDER BY `create_time` DESC,`id` ASC LIMIT 10 [ RunTime:0.008001s ]
[2020-10-16T22:28:52+08:00][sql] CONNECT:[ UseTime:0.007000s ] mysql:host=127.0.0.1;port=3306;dbname=chat;charset=utf8
[2020-10-16T22:28:52+08:00][sql] SHOW FULL COLUMNS FROM `c_service` [ RunTime:0.019001s ]
[2020-10-16T22:28:52+08:00][sql] SELECT * FROM `c_service` WHERE  `id` = 1 LIMIT 1 [ RunTime:0.002000s ]
[2020-10-16T22:28:52+08:00][sql] SELECT * FROM `c_service` WHERE  `id` = 1 LIMIT 1 [ RunTime:0.002001s ]
[2020-10-16T22:28:52+08:00][sql] SHOW FULL COLUMNS FROM `c_user` [ RunTime:0.014001s ]
[2020-10-16T22:28:52+08:00][sql] SHOW FULL COLUMNS FROM `c_su_main` [ RunTime:0.015001s ]
[2020-10-16T22:28:52+08:00][sql] SELECT `c_user`.*,`pivot`.`id` AS `pivot__id`,`pivot`.`user_id` AS `pivot__user_id`,`pivot`.`service_id` AS `pivot__service_id`,`pivot`.`create_time` AS `pivot__create_time`,`user_name`,`c_user`.`id`,`online`,`user_avatar`,`m`.`content`,m.create_time as last_msg_time FROM `c_user` INNER JOIN `c_su_main` `pivot` ON `pivot`.`user_id`=`c_user`.`id` LEFT JOIN (select content,create_time,u_id,s_id from c_message where s_id = 1 order by create_time desc, id desc) m ON `pivot`.`id`=`m`.`u_id` WHERE  `pivot`.`service_id` = 1 GROUP BY `c_user`.`id` [ RunTime:0.004000s ]
[2020-10-16T22:28:52+08:00][sql] SHOW FULL COLUMNS FROM `c_auth_rule` [ RunTime:0.015001s ]
[2020-10-16T22:28:52+08:00][sql] SHOW FULL COLUMNS FROM `c_auth_group` [ RunTime:0.015001s ]
[2020-10-16T22:28:52+08:00][sql] SELECT * FROM `c_auth_rule` [ RunTime:0.002000s ]
[2020-10-16T22:28:52+08:00][sql] SELECT * FROM `c_auth_group` WHERE  `id` = 1 LIMIT 1 [ RunTime:0.003000s ]
[2020-10-16T22:28:52+08:00][sql] SELECT `rules` FROM `c_auth_group` LIMIT 1 [ RunTime:0.003001s ]
[2020-10-16T22:28:52+08:00][sql] SHOW FULL COLUMNS FROM `c_message` [ RunTime:0.015001s ]
[2020-10-16T22:28:52+08:00][sql] SELECT `content`,`create_time`,`msg_type`,`send_name`,`send_id`,`receive_id`,`s_id`,`u_id`,`avatar` FROM `c_message` WHERE  `u_id` = 1  AND `s_id` = 1 ORDER BY `create_time` DESC,`id` ASC LIMIT 10 [ RunTime:0.002000s ]
[2020-10-16T22:28:53+08:00][sql] CONNECT:[ UseTime:0.011000s ] mysql:host=127.0.0.1;port=3306;dbname=chat;charset=utf8
[2020-10-16T22:28:53+08:00][sql] SHOW FULL COLUMNS FROM `c_message` [ RunTime:0.017001s ]
[2020-10-16T22:28:53+08:00][sql] SELECT `content`,`create_time`,`msg_type`,`send_name`,`send_id`,`receive_id`,`s_id`,`u_id`,`avatar` FROM `c_message` WHERE  `u_id` = 1  AND `s_id` = 1 ORDER BY `create_time` DESC,`id` ASC LIMIT 10 [ RunTime:0.008000s ]
[2020-10-16T22:32:06+08:00][sql] CONNECT:[ UseTime:0.012001s ] mysql:host=127.0.0.1;port=3306;dbname=chat;charset=utf8
[2020-10-16T22:32:06+08:00][sql] SHOW FULL COLUMNS FROM `c_service` [ RunTime:0.024001s ]
[2020-10-16T22:32:06+08:00][sql] SELECT * FROM `c_service` WHERE  `id` = 1 LIMIT 1 [ RunTime:0.008001s ]
[2020-10-16T22:32:06+08:00][sql] SELECT * FROM `c_service` WHERE  `id` = 1 LIMIT 1 [ RunTime:0.008001s ]
[2020-10-16T22:32:06+08:00][sql] SHOW FULL COLUMNS FROM `c_user` [ RunTime:0.024001s ]
[2020-10-16T22:32:06+08:00][sql] SHOW FULL COLUMNS FROM `c_su_main` [ RunTime:0.024001s ]
[2020-10-16T22:32:06+08:00][sql] SELECT `c_user`.*,`pivot`.`id` AS `pivot__id`,`pivot`.`user_id` AS `pivot__user_id`,`pivot`.`service_id` AS `pivot__service_id`,`pivot`.`create_time` AS `pivot__create_time`,`user_name`,`c_user`.`id`,`online`,`user_avatar`,`m`.`content`,m.create_time as last_msg_time FROM `c_user` INNER JOIN `c_su_main` `pivot` ON `pivot`.`user_id`=`c_user`.`id` LEFT JOIN (select content,create_time,u_id,s_id from c_message where s_id = 1 order by create_time desc, id desc) m ON `pivot`.`id`=`m`.`u_id` WHERE  `pivot`.`service_id` = 1 GROUP BY `c_user`.`id` [ RunTime:0.009000s ]
[2020-10-16T22:32:06+08:00][sql] SHOW FULL COLUMNS FROM `c_auth_rule` [ RunTime:0.023001s ]
[2020-10-16T22:32:06+08:00][sql] SHOW FULL COLUMNS FROM `c_auth_group` [ RunTime:0.024002s ]
[2020-10-16T22:32:06+08:00][sql] SELECT * FROM `c_auth_rule` [ RunTime:0.007000s ]
[2020-10-16T22:32:06+08:00][sql] SELECT * FROM `c_auth_group` WHERE  `id` = 1 LIMIT 1 [ RunTime:0.007001s ]
[2020-10-16T22:32:06+08:00][sql] SELECT `rules` FROM `c_auth_group` LIMIT 1 [ RunTime:0.009000s ]
[2020-10-16T22:32:06+08:00][sql] SHOW FULL COLUMNS FROM `c_message` [ RunTime:0.023001s ]
[2020-10-16T22:32:06+08:00][sql] SELECT `content`,`create_time`,`msg_type`,`send_name`,`send_id`,`receive_id`,`s_id`,`u_id`,`avatar` FROM `c_message` WHERE  `u_id` = 1  AND `s_id` = 1 ORDER BY `create_time` DESC,`id` ASC LIMIT 10 [ RunTime:0.010001s ]
[2020-10-16T22:32:07+08:00][sql] CONNECT:[ UseTime:0.005000s ] mysql:host=127.0.0.1;port=3306;dbname=chat;charset=utf8
[2020-10-16T22:32:07+08:00][sql] SHOW FULL COLUMNS FROM `c_message` [ RunTime:0.027002s ]
[2020-10-16T22:32:07+08:00][sql] SELECT `content`,`create_time`,`msg_type`,`send_name`,`send_id`,`receive_id`,`s_id`,`u_id`,`avatar` FROM `c_message` WHERE  `u_id` = 1  AND `s_id` = 1 ORDER BY `create_time` DESC,`id` ASC LIMIT 10 [ RunTime:0.005000s ]
