[2020-09-17T15:13:51+08:00][sql] CONNECT:[ UseTime:0.000900s ] mysql:host=127.0.0.1;port=3306;dbname=chat;charset=utf8
[2020-09-17T15:13:51+08:00][sql] SHOW FULL COLUMNS FROM `c_chatuser` [ RunTime:0.001530s ]
[2020-09-17T15:13:51+08:00][sql] SELECT * FROM `c_chatuser` WHERE  `id` = 13 LIMIT 1 [ RunTime:0.000541s ]
[2020-09-17T15:13:51+08:00][sql] SELECT * FROM `c_chatuser` [ RunTime:0.000285s ]
[2020-09-17T15:13:51+08:00][sql] SHOW FULL COLUMNS FROM `c_groupdetail` [ RunTime:0.000801s ]
[2020-09-17T15:13:51+08:00][sql] SELECT `groupid` FROM `c_groupdetail` WHERE  `userid` IS NULL GROUP BY `groupid` [ RunTime:0.000176s ]
[2020-09-17T15:14:40+08:00][sql] CONNECT:[ UseTime:0.003868s ] mysql:host=127.0.0.1;port=3306;dbname=chat;charset=utf8
[2020-09-17T15:14:40+08:00][sql] SHOW FULL COLUMNS FROM `c_chatuser` [ RunTime:0.001080s ]
[2020-09-17T15:14:40+08:00][sql] SELECT * FROM `c_chatuser` WHERE  `id` = 13 LIMIT 1 [ RunTime:0.000338s ]
[2020-09-17T15:14:40+08:00][sql] SELECT * FROM `c_chatuser` [ RunTime:0.000199s ]
[2020-09-17T15:14:40+08:00][sql] SHOW FULL COLUMNS FROM `c_groupdetail` [ RunTime:0.000802s ]
[2020-09-17T15:14:40+08:00][sql] SELECT `groupid` FROM `c_groupdetail` WHERE  `userid` IS NULL GROUP BY `groupid` [ RunTime:0.000269s ]
[2020-09-17T15:18:47+08:00][sql] CONNECT:[ UseTime:0.001438s ] mysql:host=127.0.0.1;port=3306;dbname=chat;charset=utf8
[2020-09-17T15:18:47+08:00][sql] SHOW FULL COLUMNS FROM `c_chatuser` [ RunTime:0.000865s ]
[2020-09-17T15:18:47+08:00][sql] SELECT * FROM `c_chatuser` WHERE  `id` = 13 LIMIT 1 [ RunTime:0.000344s ]
[2020-09-17T15:18:47+08:00][sql] SELECT * FROM `c_chatuser` [ RunTime:0.000184s ]
[2020-09-17T15:18:47+08:00][sql] SHOW FULL COLUMNS FROM `c_groupdetail` [ RunTime:0.000730s ]
[2020-09-17T15:18:47+08:00][sql] SELECT `groupid` FROM `c_groupdetail` WHERE  `userid` IS NULL GROUP BY `groupid` [ RunTime:0.000195s ]
[2020-09-17T15:20:11+08:00][sql] CONNECT:[ UseTime:0.000856s ] mysql:host=127.0.0.1;port=3306;dbname=chat;charset=utf8
[2020-09-17T15:20:11+08:00][sql] SHOW FULL COLUMNS FROM `c_chatuser` [ RunTime:0.000915s ]
[2020-09-17T15:20:11+08:00][sql] SELECT * FROM `c_chatuser` WHERE  `id` = 13 LIMIT 1 [ RunTime:0.000384s ]
[2020-09-17T15:20:11+08:00][sql] SELECT * FROM `c_chatuser` [ RunTime:0.000221s ]
[2020-09-17T15:20:11+08:00][sql] SHOW FULL COLUMNS FROM `c_groupdetail` [ RunTime:0.001219s ]
[2020-09-17T15:20:11+08:00][sql] SELECT `groupid` FROM `c_groupdetail` WHERE  `userid` IS NULL GROUP BY `groupid` [ RunTime:0.000273s ]
[2020-09-17T15:21:46+08:00][sql] CONNECT:[ UseTime:0.000831s ] mysql:host=127.0.0.1;port=3306;dbname=chat;charset=utf8
[2020-09-17T15:21:46+08:00][sql] SHOW FULL COLUMNS FROM `c_chatuser` [ RunTime:0.000799s ]
[2020-09-17T15:21:46+08:00][sql] SELECT * FROM `c_chatuser` WHERE  `id` = 13 LIMIT 1 [ RunTime:0.000300s ]
[2020-09-17T15:21:46+08:00][sql] SELECT * FROM `c_chatuser` [ RunTime:0.000221s ]
[2020-09-17T15:21:46+08:00][sql] SHOW FULL COLUMNS FROM `c_groupdetail` [ RunTime:0.000952s ]
[2020-09-17T15:21:46+08:00][sql] SELECT `groupid` FROM `c_groupdetail` WHERE  `userid` IS NULL GROUP BY `groupid` [ RunTime:0.000264s ]
[2020-09-17T15:27:53+08:00][sql] CONNECT:[ UseTime:0.001198s ] mysql:host=127.0.0.1;port=3306;dbname=chat;charset=utf8
[2020-09-17T15:27:53+08:00][sql] SHOW FULL COLUMNS FROM `c_chatuser` [ RunTime:0.000815s ]
[2020-09-17T15:27:53+08:00][sql] SELECT * FROM `c_chatuser` WHERE  `id` = 13 LIMIT 1 [ RunTime:0.000326s ]
[2020-09-17T15:27:53+08:00][sql] SELECT * FROM `c_chatuser` [ RunTime:0.000207s ]
[2020-09-17T15:27:53+08:00][sql] SHOW FULL COLUMNS FROM `c_groupdetail` [ RunTime:0.000603s ]
[2020-09-17T15:27:53+08:00][sql] SELECT `groupid` FROM `c_groupdetail` WHERE  `userid` IS NULL GROUP BY `groupid` [ RunTime:0.000178s ]
[2020-09-17T15:29:13+08:00][sql] CONNECT:[ UseTime:0.010509s ] mysql:host=127.0.0.1;port=3306;dbname=chat;charset=utf8
[2020-09-17T15:29:13+08:00][sql] SHOW FULL COLUMNS FROM `c_chatuser` [ RunTime:0.001012s ]
[2020-09-17T15:29:13+08:00][sql] SELECT * FROM `c_chatuser` WHERE  `id` = 13 LIMIT 1 [ RunTime:0.000321s ]
[2020-09-17T15:29:13+08:00][sql] SELECT * FROM `c_chatuser` [ RunTime:0.000229s ]
[2020-09-17T15:29:13+08:00][sql] SHOW FULL COLUMNS FROM `c_groupdetail` [ RunTime:0.000600s ]
[2020-09-17T15:29:13+08:00][sql] SELECT `groupid` FROM `c_groupdetail` WHERE  `userid` IS NULL GROUP BY `groupid` [ RunTime:0.000198s ]
[2020-09-17T15:29:35+08:00][sql] CONNECT:[ UseTime:0.000800s ] mysql:host=127.0.0.1;port=3306;dbname=chat;charset=utf8
[2020-09-17T15:29:35+08:00][sql] SHOW FULL COLUMNS FROM `c_chatuser` [ RunTime:0.000582s ]
[2020-09-17T15:29:35+08:00][sql] SELECT * FROM `c_chatuser` WHERE  `id` = 13 LIMIT 1 [ RunTime:0.000335s ]
[2020-09-17T15:29:35+08:00][sql] SELECT * FROM `c_chatuser` [ RunTime:0.000184s ]
[2020-09-17T15:29:35+08:00][sql] SHOW FULL COLUMNS FROM `c_groupdetail` [ RunTime:0.000599s ]
[2020-09-17T15:29:35+08:00][sql] SELECT `groupid` FROM `c_groupdetail` WHERE  `userid` IS NULL GROUP BY `groupid` [ RunTime:0.000239s ]
[2020-09-17T15:29:57+08:00][sql] CONNECT:[ UseTime:0.011131s ] mysql:host=127.0.0.1;port=3306;dbname=chat;charset=utf8
[2020-09-17T15:29:57+08:00][sql] SHOW FULL COLUMNS FROM `c_chatuser` [ RunTime:0.000658s ]
[2020-09-17T15:29:57+08:00][sql] SELECT * FROM `c_chatuser` WHERE  `id` = 13 LIMIT 1 [ RunTime:0.000269s ]
[2020-09-17T15:29:57+08:00][sql] SELECT * FROM `c_chatuser` [ RunTime:0.000187s ]
[2020-09-17T15:29:57+08:00][sql] SHOW FULL COLUMNS FROM `c_groupdetail` [ RunTime:0.000740s ]
[2020-09-17T15:29:57+08:00][sql] SELECT `groupid` FROM `c_groupdetail` WHERE  `userid` IS NULL GROUP BY `groupid` [ RunTime:0.000260s ]
[2020-09-17T15:32:51+08:00][sql] CONNECT:[ UseTime:0.000903s ] mysql:host=127.0.0.1;port=3306;dbname=chat;charset=utf8
[2020-09-17T15:32:51+08:00][sql] SHOW FULL COLUMNS FROM `c_chatuser` [ RunTime:0.000689s ]
[2020-09-17T15:32:51+08:00][sql] SELECT * FROM `c_chatuser` WHERE  `id` = 13 LIMIT 1 [ RunTime:0.000296s ]
[2020-09-17T15:32:51+08:00][sql] SELECT * FROM `c_chatuser` [ RunTime:0.000184s ]
[2020-09-17T15:32:51+08:00][sql] SHOW FULL COLUMNS FROM `c_groupdetail` [ RunTime:0.000818s ]
[2020-09-17T15:32:51+08:00][sql] SELECT `groupid` FROM `c_groupdetail` WHERE  `userid` IS NULL GROUP BY `groupid` [ RunTime:0.000557s ]
[2020-09-17T15:38:27+08:00][sql] CONNECT:[ UseTime:0.001578s ] mysql:host=127.0.0.1;port=3306;dbname=chat;charset=utf8
[2020-09-17T15:38:27+08:00][sql] SHOW FULL COLUMNS FROM `c_chatuser` [ RunTime:0.000756s ]
[2020-09-17T15:38:27+08:00][sql] SELECT * FROM `c_chatuser` WHERE  `id` = 13 LIMIT 1 [ RunTime:0.000292s ]
[2020-09-17T15:38:27+08:00][sql] SELECT * FROM `c_chatuser` [ RunTime:0.000251s ]
[2020-09-17T15:38:27+08:00][sql] SHOW FULL COLUMNS FROM `c_groupdetail` [ RunTime:0.000591s ]
[2020-09-17T15:38:27+08:00][sql] SELECT `groupid` FROM `c_groupdetail` WHERE  `userid` IS NULL GROUP BY `groupid` [ RunTime:0.000234s ]
[2020-09-17T15:38:43+08:00][sql] CONNECT:[ UseTime:0.011399s ] mysql:host=127.0.0.1;port=3306;dbname=chat;charset=utf8
[2020-09-17T15:38:43+08:00][sql] SHOW FULL COLUMNS FROM `c_chatuser` [ RunTime:0.001102s ]
[2020-09-17T15:38:43+08:00][sql] SELECT * FROM `c_chatuser` WHERE  `id` = 13 LIMIT 1 [ RunTime:0.000529s ]
[2020-09-17T15:38:43+08:00][sql] SELECT * FROM `c_chatuser` [ RunTime:0.000376s ]
[2020-09-17T15:38:43+08:00][sql] SHOW FULL COLUMNS FROM `c_groupdetail` [ RunTime:0.000607s ]
[2020-09-17T15:38:43+08:00][sql] SELECT `groupid` FROM `c_groupdetail` WHERE  `userid` IS NULL GROUP BY `groupid` [ RunTime:0.000180s ]
[2020-09-17T15:39:10+08:00][sql] CONNECT:[ UseTime:0.001545s ] mysql:host=127.0.0.1;port=3306;dbname=chat;charset=utf8
[2020-09-17T15:39:10+08:00][sql] SHOW FULL COLUMNS FROM `c_chatuser` [ RunTime:0.000760s ]
[2020-09-17T15:39:10+08:00][sql] SELECT * FROM `c_chatuser` WHERE  `id` = 13 LIMIT 1 [ RunTime:0.000300s ]
[2020-09-17T15:39:10+08:00][sql] SELECT * FROM `c_chatuser` [ RunTime:0.000204s ]
[2020-09-17T15:39:10+08:00][sql] SHOW FULL COLUMNS FROM `c_groupdetail` [ RunTime:0.000546s ]
[2020-09-17T15:39:10+08:00][sql] SELECT `groupid` FROM `c_groupdetail` WHERE  `userid` IS NULL GROUP BY `groupid` [ RunTime:0.000190s ]
[2020-09-17T15:39:26+08:00][sql] CONNECT:[ UseTime:0.011486s ] mysql:host=127.0.0.1;port=3306;dbname=chat;charset=utf8
[2020-09-17T15:39:26+08:00][sql] SHOW FULL COLUMNS FROM `c_chatuser` [ RunTime:0.000712s ]
[2020-09-17T15:39:26+08:00][sql] SELECT * FROM `c_chatuser` WHERE  `id` = 13 LIMIT 1 [ RunTime:0.000283s ]
[2020-09-17T15:39:26+08:00][sql] SELECT * FROM `c_chatuser` [ RunTime:0.000202s ]
[2020-09-17T15:39:26+08:00][sql] SHOW FULL COLUMNS FROM `c_groupdetail` [ RunTime:0.000621s ]
[2020-09-17T15:39:26+08:00][sql] SELECT `groupid` FROM `c_groupdetail` WHERE  `userid` IS NULL GROUP BY `groupid` [ RunTime:0.000226s ]
[2020-09-17T15:39:48+08:00][sql] CONNECT:[ UseTime:0.011304s ] mysql:host=127.0.0.1;port=3306;dbname=chat;charset=utf8
[2020-09-17T15:39:48+08:00][sql] SHOW FULL COLUMNS FROM `c_chatuser` [ RunTime:0.003237s ]
[2020-09-17T15:39:48+08:00][sql] SELECT * FROM `c_chatuser` WHERE  `id` = 13 LIMIT 1 [ RunTime:0.000326s ]
[2020-09-17T15:39:48+08:00][sql] SELECT * FROM `c_chatuser` [ RunTime:0.000216s ]
[2020-09-17T15:39:48+08:00][sql] SHOW FULL COLUMNS FROM `c_groupdetail` [ RunTime:0.000761s ]
[2020-09-17T15:39:48+08:00][sql] SELECT `groupid` FROM `c_groupdetail` WHERE  `userid` IS NULL GROUP BY `groupid` [ RunTime:0.000203s ]
[2020-09-17T15:40:04+08:00][sql] CONNECT:[ UseTime:0.011497s ] mysql:host=127.0.0.1;port=3306;dbname=chat;charset=utf8
[2020-09-17T15:40:04+08:00][sql] SHOW FULL COLUMNS FROM `c_chatuser` [ RunTime:0.000601s ]
[2020-09-17T15:40:04+08:00][sql] SELECT * FROM `c_chatuser` WHERE  `id` = 13 LIMIT 1 [ RunTime:0.000230s ]
[2020-09-17T15:40:04+08:00][sql] SELECT * FROM `c_chatuser` [ RunTime:0.000157s ]
[2020-09-17T15:40:04+08:00][sql] SHOW FULL COLUMNS FROM `c_groupdetail` [ RunTime:0.000945s ]
[2020-09-17T15:40:04+08:00][sql] SELECT `groupid` FROM `c_groupdetail` WHERE  `userid` IS NULL GROUP BY `groupid` [ RunTime:0.000245s ]
[2020-09-17T15:41:00+08:00][sql] CONNECT:[ UseTime:0.000949s ] mysql:host=127.0.0.1;port=3306;dbname=chat;charset=utf8
[2020-09-17T15:41:00+08:00][sql] SHOW FULL COLUMNS FROM `c_chatuser` [ RunTime:0.001681s ]
[2020-09-17T15:41:00+08:00][sql] SELECT * FROM `c_chatuser` WHERE  `id` = 13 LIMIT 1 [ RunTime:0.000550s ]
[2020-09-17T15:41:00+08:00][sql] SELECT * FROM `c_chatuser` [ RunTime:0.000258s ]
[2020-09-17T15:41:00+08:00][sql] SHOW FULL COLUMNS FROM `c_groupdetail` [ RunTime:0.000619s ]
[2020-09-17T15:41:00+08:00][sql] SELECT `groupid` FROM `c_groupdetail` WHERE  `userid` IS NULL GROUP BY `groupid` [ RunTime:0.000173s ]
[2020-09-17T15:41:27+08:00][sql] CONNECT:[ UseTime:0.009745s ] mysql:host=127.0.0.1;port=3306;dbname=chat;charset=utf8
[2020-09-17T15:41:27+08:00][sql] SHOW FULL COLUMNS FROM `c_chatuser` [ RunTime:0.000640s ]
[2020-09-17T15:41:27+08:00][sql] SELECT * FROM `c_chatuser` WHERE  `id` = 13 LIMIT 1 [ RunTime:0.000381s ]
[2020-09-17T15:41:27+08:00][sql] SELECT * FROM `c_chatuser` [ RunTime:0.000184s ]
[2020-09-17T15:41:27+08:00][sql] SHOW FULL COLUMNS FROM `c_groupdetail` [ RunTime:0.002309s ]
[2020-09-17T15:41:27+08:00][sql] SELECT `groupid` FROM `c_groupdetail` WHERE  `userid` IS NULL GROUP BY `groupid` [ RunTime:0.000364s ]
[2020-09-17T15:42:25+08:00][sql] CONNECT:[ UseTime:0.001160s ] mysql:host=127.0.0.1;port=3306;dbname=chat;charset=utf8
[2020-09-17T15:42:25+08:00][sql] SHOW FULL COLUMNS FROM `c_chatuser` [ RunTime:0.000763s ]
[2020-09-17T15:42:25+08:00][sql] SELECT * FROM `c_chatuser` WHERE  `id` = 13 LIMIT 1 [ RunTime:0.000340s ]
[2020-09-17T15:42:25+08:00][sql] SELECT * FROM `c_chatuser` [ RunTime:0.000238s ]
[2020-09-17T15:42:25+08:00][sql] SHOW FULL COLUMNS FROM `c_groupdetail` [ RunTime:0.000531s ]
[2020-09-17T15:42:25+08:00][sql] SELECT `groupid` FROM `c_groupdetail` WHERE  `userid` IS NULL GROUP BY `groupid` [ RunTime:0.000178s ]
[2020-09-17T15:44:45+08:00][sql] CONNECT:[ UseTime:0.002197s ] mysql:host=127.0.0.1;port=3306;dbname=chat;charset=utf8
[2020-09-17T15:44:45+08:00][sql] SHOW FULL COLUMNS FROM `c_chatuser` [ RunTime:0.000822s ]
[2020-09-17T15:44:45+08:00][sql] SELECT * FROM `c_chatuser` WHERE  `id` = 13 LIMIT 1 [ RunTime:0.001150s ]
[2020-09-17T15:44:45+08:00][sql] SELECT * FROM `c_chatuser` [ RunTime:0.000261s ]
[2020-09-17T15:44:45+08:00][sql] SHOW FULL COLUMNS FROM `c_groupdetail` [ RunTime:0.000849s ]
[2020-09-17T15:44:45+08:00][sql] SELECT `groupid` FROM `c_groupdetail` WHERE  `userid` IS NULL GROUP BY `groupid` [ RunTime:0.000422s ]
